2022-11-18 16:25:10 [scrapy.utils.log] INFO: Scrapy 2.6.2 started (bot: minutes)
2022-11-18 16:25:10 [scrapy.utils.log] INFO: Versions: lxml 4.9.1.0, libxml2 2.9.14, cssselect 1.1.0, parsel 1.6.0, w3lib 1.21.0, Twisted 22.2.0, Python 3.9.15 (main, Nov  4 2022, 11:11:31) - [Clang 12.0.0 ], pyOpenSSL 22.0.0 (OpenSSL 1.1.1s  1 Nov 2022), cryptography 38.0.1, Platform macOS-10.16-x86_64-i386-64bit
2022-11-18 16:25:10 [scrapy.crawler] INFO: Overridden settings:
{'BOT_NAME': 'minutes',
 'DOWNLOAD_DELAY': 0.2,
 'FEED_EXPORT_ENCODING': 'utf-8-sig',
 'LOG_FILE': 'example.log',
 'NEWSPIDER_MODULE': 'minutes.spiders',
 'SPIDER_MODULES': ['minutes.spiders']}
2022-11-18 16:25:10 [scrapy.utils.log] DEBUG: Using reactor: twisted.internet.selectreactor.SelectReactor
2022-11-18 16:25:10 [scrapy.extensions.telnet] INFO: Telnet Password: 58e64e1bc4e455da
2022-11-18 16:25:10 [py.warnings] WARNING: /Users/stillssi/opt/anaconda3/envs/project1/lib/python3.9/site-packages/scrapy/extensions/feedexport.py:289: ScrapyDeprecationWarning: The `FEED_URI` and `FEED_FORMAT` settings have been deprecated in favor of the `FEEDS` setting. Please see the `FEEDS` setting docs for more details
  exporter = cls(crawler)

2022-11-18 16:25:10 [scrapy.middleware] INFO: Enabled extensions:
['scrapy.extensions.corestats.CoreStats',
 'scrapy.extensions.telnet.TelnetConsole',
 'scrapy.extensions.memusage.MemoryUsage',
 'scrapy.extensions.feedexport.FeedExporter',
 'scrapy.extensions.logstats.LogStats']
2022-11-18 16:25:10 [scrapy.middleware] INFO: Enabled downloader middlewares:
['scrapy.downloadermiddlewares.httpauth.HttpAuthMiddleware',
 'scrapy.downloadermiddlewares.downloadtimeout.DownloadTimeoutMiddleware',
 'scrapy.downloadermiddlewares.defaultheaders.DefaultHeadersMiddleware',
 'scrapy.downloadermiddlewares.useragent.UserAgentMiddleware',
 'scrapy.downloadermiddlewares.retry.RetryMiddleware',
 'scrapy.downloadermiddlewares.redirect.MetaRefreshMiddleware',
 'scrapy.downloadermiddlewares.httpcompression.HttpCompressionMiddleware',
 'scrapy.downloadermiddlewares.redirect.RedirectMiddleware',
 'scrapy.downloadermiddlewares.cookies.CookiesMiddleware',
 'scrapy.downloadermiddlewares.httpproxy.HttpProxyMiddleware',
 'scrapy.downloadermiddlewares.stats.DownloaderStats']
2022-11-18 16:25:10 [scrapy.middleware] INFO: Enabled spider middlewares:
['scrapy.spidermiddlewares.httperror.HttpErrorMiddleware',
 'scrapy.spidermiddlewares.offsite.OffsiteMiddleware',
 'scrapy.spidermiddlewares.referer.RefererMiddleware',
 'scrapy.spidermiddlewares.urllength.UrlLengthMiddleware',
 'scrapy.spidermiddlewares.depth.DepthMiddleware']
2022-11-18 16:25:10 [scrapy.middleware] INFO: Enabled item pipelines:
[]
2022-11-18 16:25:10 [scrapy.core.engine] INFO: Spider opened
2022-11-18 16:25:10 [scrapy.extensions.logstats] INFO: Crawled 0 pages (at 0 pages/min), scraped 0 items (at 0 items/min)
2022-11-18 16:25:10 [scrapy.extensions.telnet] INFO: Telnet console listening on 127.0.0.1:6023
2022-11-18 16:25:10 [filelock] DEBUG: Attempting to acquire lock 140644105837680 on /Users/stillssi/.cache/python-tldextract/3.9.15.final__project1__9064b2__tldextract-3.2.0/publicsuffix.org-tlds/de84b5ca2167d4c83e38fb162f2e8738.tldextract.json.lock
2022-11-18 16:25:10 [filelock] DEBUG: Lock 140644105837680 acquired on /Users/stillssi/.cache/python-tldextract/3.9.15.final__project1__9064b2__tldextract-3.2.0/publicsuffix.org-tlds/de84b5ca2167d4c83e38fb162f2e8738.tldextract.json.lock
2022-11-18 16:25:10 [filelock] DEBUG: Attempting to acquire lock 140644342820720 on /Users/stillssi/.cache/python-tldextract/3.9.15.final__project1__9064b2__tldextract-3.2.0/urls/62bf135d1c2f3d4db4228b9ecaf507a2.tldextract.json.lock
2022-11-18 16:25:10 [filelock] DEBUG: Lock 140644342820720 acquired on /Users/stillssi/.cache/python-tldextract/3.9.15.final__project1__9064b2__tldextract-3.2.0/urls/62bf135d1c2f3d4db4228b9ecaf507a2.tldextract.json.lock
2022-11-18 16:25:10 [filelock] DEBUG: Attempting to release lock 140644342820720 on /Users/stillssi/.cache/python-tldextract/3.9.15.final__project1__9064b2__tldextract-3.2.0/urls/62bf135d1c2f3d4db4228b9ecaf507a2.tldextract.json.lock
2022-11-18 16:25:10 [filelock] DEBUG: Lock 140644342820720 released on /Users/stillssi/.cache/python-tldextract/3.9.15.final__project1__9064b2__tldextract-3.2.0/urls/62bf135d1c2f3d4db4228b9ecaf507a2.tldextract.json.lock
2022-11-18 16:25:10 [filelock] DEBUG: Attempting to release lock 140644105837680 on /Users/stillssi/.cache/python-tldextract/3.9.15.final__project1__9064b2__tldextract-3.2.0/publicsuffix.org-tlds/de84b5ca2167d4c83e38fb162f2e8738.tldextract.json.lock
2022-11-18 16:25:10 [filelock] DEBUG: Lock 140644105837680 released on /Users/stillssi/.cache/python-tldextract/3.9.15.final__project1__9064b2__tldextract-3.2.0/publicsuffix.org-tlds/de84b5ca2167d4c83e38fb162f2e8738.tldextract.json.lock
2022-11-18 16:25:10 [scrapy.core.engine] DEBUG: Crawled (200) <GET https://www.bok.or.kr/portal/bbs/B0000245/list.do?menuNo=200761&pageIndex=1> (referer: None)
2022-11-18 16:25:11 [scrapy.core.scraper] DEBUG: Scraped from <200 https://www.bok.or.kr/portal/bbs/B0000245/list.do?menuNo=200761&pageIndex=1>
{'date': ['2022.11.15'],
 'file_url': 'https://www.bok.or.kr/portal/cmmn/file/fileDown.do?menuNo=200761&atchFileId=FILE_000000000035091&fileSn=2'}
2022-11-18 16:25:11 [scrapy.core.scraper] DEBUG: Scraped from <200 https://www.bok.or.kr/portal/bbs/B0000245/list.do?menuNo=200761&pageIndex=1>
{'date': ['2022.11.01'],
 'file_url': 'https://www.bok.or.kr/portal/cmmn/file/fileDown.do?menuNo=200761&atchFileId=FILE_000000000034867&fileSn=2'}
2022-11-18 16:25:11 [scrapy.core.scraper] DEBUG: Scraped from <200 https://www.bok.or.kr/portal/bbs/B0000245/list.do?menuNo=200761&pageIndex=1>
{'date': ['2022.10.07'],
 'file_url': 'https://www.bok.or.kr/portal/cmmn/file/fileDown.do?menuNo=200761&atchFileId=FILE_000000000034406&fileSn=2'}
2022-11-18 16:25:11 [scrapy.core.scraper] DEBUG: Scraped from <200 https://www.bok.or.kr/portal/bbs/B0000245/list.do?menuNo=200761&pageIndex=1>
{'date': ['2022.09.27'],
 'file_url': 'https://www.bok.or.kr/portal/cmmn/file/fileDown.do?menuNo=200761&atchFileId=FILE_000000000034210&fileSn=2'}
2022-11-18 16:25:11 [scrapy.core.scraper] DEBUG: Scraped from <200 https://www.bok.or.kr/portal/bbs/B0000245/list.do?menuNo=200761&pageIndex=1>
{'date': ['2022.09.13'],
 'file_url': 'https://www.bok.or.kr/portal/cmmn/file/fileDown.do?menuNo=200761&atchFileId=FILE_000000000034051&fileSn=2'}
2022-11-18 16:25:11 [scrapy.core.scraper] DEBUG: Scraped from <200 https://www.bok.or.kr/portal/bbs/B0000245/list.do?menuNo=200761&pageIndex=1>
{'date': ['2022.08.16'],
 'file_url': 'https://www.bok.or.kr/portal/cmmn/file/fileDown.do?menuNo=200761&atchFileId=FILE_000000000033255&fileSn=2'}
2022-11-18 16:25:11 [scrapy.core.scraper] DEBUG: Scraped from <200 https://www.bok.or.kr/portal/bbs/B0000245/list.do?menuNo=200761&pageIndex=1>
{'date': ['2022.08.02'],
 'file_url': 'https://www.bok.or.kr/portal/cmmn/file/fileDown.do?menuNo=200761&atchFileId=FILE_000000000033019&fileSn=2'}
2022-11-18 16:25:11 [scrapy.core.scraper] DEBUG: Scraped from <200 https://www.bok.or.kr/portal/bbs/B0000245/list.do?menuNo=200761&pageIndex=1>
{'date': ['2022.07.08'],
 'file_url': 'https://www.bok.or.kr/portal/cmmn/file/fileDown.do?menuNo=200761&atchFileId=FILE_000000000032246&fileSn=2'}
2022-11-18 16:25:11 [scrapy.core.scraper] DEBUG: Scraped from <200 https://www.bok.or.kr/portal/bbs/B0000245/list.do?menuNo=200761&pageIndex=1>
{'date': ['2022.06.28'],
 'file_url': 'https://www.bok.or.kr/portal/cmmn/file/fileDown.do?menuNo=200761&atchFileId=FILE_000000000031946&fileSn=2'}
2022-11-18 16:25:11 [scrapy.core.engine] DEBUG: Crawled (200) <GET https://www.bok.or.kr/portal/bbs/B0000245/list.do?menuNo=200761&pageIndex=2> (referer: None)
2022-11-18 16:25:11 [scrapy.core.engine] DEBUG: Crawled (200) <GET https://www.bok.or.kr/portal/bbs/B0000245/list.do?menuNo=200761&pageIndex=3> (referer: None)
2022-11-18 16:25:11 [scrapy.core.scraper] DEBUG: Scraped from <200 https://www.bok.or.kr/portal/bbs/B0000245/list.do?menuNo=200761&pageIndex=2>
{'date': ['2022.05.03'],
 'file_url': 'https://www.bok.or.kr/portal/cmmn/file/fileDown.do?menuNo=200761&atchFileId=FILE_000000000030802&fileSn=2'}
2022-11-18 16:25:11 [scrapy.core.scraper] DEBUG: Scraped from <200 https://www.bok.or.kr/portal/bbs/B0000245/list.do?menuNo=200761&pageIndex=2>
{'date': ['2022.04.08'],
 'file_url': 'https://www.bok.or.kr/portal/cmmn/file/fileDown.do?menuNo=200761&atchFileId=FILE_000000000030334&fileSn=2'}
2022-11-18 16:25:11 [scrapy.core.scraper] DEBUG: Scraped from <200 https://www.bok.or.kr/portal/bbs/B0000245/list.do?menuNo=200761&pageIndex=2>
{'date': ['2022.03.29'],
 'file_url': 'https://www.bok.or.kr/portal/cmmn/file/fileDown.do?menuNo=200761&atchFileId=FILE_000000000030136&fileSn=2'}
2022-11-18 16:25:11 [scrapy.core.scraper] DEBUG: Scraped from <200 https://www.bok.or.kr/portal/bbs/B0000245/list.do?menuNo=200761&pageIndex=2>
{'date': ['2022.03.15'],
 'file_url': 'https://www.bok.or.kr/portal/cmmn/file/fileDown.do?menuNo=200761&atchFileId=FILE_000000000029875&fileSn=2'}
2022-11-18 16:25:11 [scrapy.core.scraper] DEBUG: Scraped from <200 https://www.bok.or.kr/portal/bbs/B0000245/list.do?menuNo=200761&pageIndex=2>
{'date': ['2022.02.03'],
 'file_url': 'https://www.bok.or.kr/portal/cmmn/file/fileDown.do?menuNo=200761&atchFileId=FILE_000000000029116&fileSn=2'}
2022-11-18 16:25:11 [scrapy.core.scraper] DEBUG: Scraped from <200 https://www.bok.or.kr/portal/bbs/B0000245/list.do?menuNo=200761&pageIndex=2>
{'date': ['2022.01.07'],
 'file_url': 'https://www.bok.or.kr/portal/cmmn/file/fileDown.do?menuNo=200761&atchFileId=FILE_000000000028630&fileSn=2'}
2022-11-18 16:25:11 [scrapy.core.scraper] DEBUG: Scraped from <200 https://www.bok.or.kr/portal/bbs/B0000245/list.do?menuNo=200761&pageIndex=2>
{'date': ['2021.12.28'],
 'file_url': 'https://www.bok.or.kr/portal/cmmn/file/fileDown.do?menuNo=200761&atchFileId=FILE_000000000028412&fileSn=2'}
2022-11-18 16:25:11 [scrapy.core.scraper] DEBUG: Scraped from <200 https://www.bok.or.kr/portal/bbs/B0000245/list.do?menuNo=200761&pageIndex=2>
{'date': ['2021.12.14'],
 'file_url': 'https://www.bok.or.kr/portal/cmmn/file/fileDown.do?menuNo=200761&atchFileId=FILE_000000000028153&fileSn=2'}
2022-11-18 16:25:11 [scrapy.core.scraper] DEBUG: Scraped from <200 https://www.bok.or.kr/portal/bbs/B0000245/list.do?menuNo=200761&pageIndex=2>
{'date': ['2021.11.02'],
 'file_url': 'https://www.bok.or.kr/portal/cmmn/file/fileDown.do?menuNo=200761&atchFileId=FILE_000000000027525&fileSn=2'}
2022-11-18 16:25:11 [scrapy.core.scraper] DEBUG: Scraped from <200 https://www.bok.or.kr/portal/bbs/B0000245/list.do?menuNo=200761&pageIndex=3>
{'date': ['2021.09.28'],
 'file_url': 'https://www.bok.or.kr/portal/cmmn/file/fileDown.do?menuNo=200761&atchFileId=FILE_000000000026867&fileSn=2'}
2022-11-18 16:25:11 [scrapy.core.scraper] DEBUG: Scraped from <200 https://www.bok.or.kr/portal/bbs/B0000245/list.do?menuNo=200761&pageIndex=3>
{'date': ['2021.09.14'],
 'file_url': 'https://www.bok.or.kr/portal/cmmn/file/fileDown.do?menuNo=200761&atchFileId=FILE_000000000026599&fileSn=2'}
2022-11-18 16:25:11 [scrapy.core.scraper] DEBUG: Scraped from <200 https://www.bok.or.kr/portal/bbs/B0000245/list.do?menuNo=200761&pageIndex=3>
{'date': ['2021.08.17'],
 'file_url': 'https://www.bok.or.kr/portal/cmmn/file/fileDown.do?menuNo=200761&atchFileId=FILE_000000000025935&fileSn=2'}
2022-11-18 16:25:11 [scrapy.core.scraper] DEBUG: Scraped from <200 https://www.bok.or.kr/portal/bbs/B0000245/list.do?menuNo=200761&pageIndex=3>
{'date': ['2021.08.03'],
 'file_url': 'https://www.bok.or.kr/portal/cmmn/file/fileDown.do?menuNo=200761&atchFileId=FILE_000000000025774&fileSn=2'}
2022-11-18 16:25:11 [scrapy.core.scraper] DEBUG: Scraped from <200 https://www.bok.or.kr/portal/bbs/B0000245/list.do?menuNo=200761&pageIndex=3>
{'date': ['2021.07.20'],
 'file_url': 'https://www.bok.or.kr/portal/cmmn/file/fileDown.do?menuNo=200761&atchFileId=FILE_000000000025455&fileSn=2'}
2022-11-18 16:25:11 [scrapy.core.scraper] DEBUG: Scraped from <200 https://www.bok.or.kr/portal/bbs/B0000245/list.do?menuNo=200761&pageIndex=3>
{'date': ['2021.07.09'],
 'file_url': 'https://www.bok.or.kr/portal/cmmn/file/fileDown.do?menuNo=200761&atchFileId=FILE_000000000025245&fileSn=2'}
2022-11-18 16:25:11 [scrapy.core.scraper] DEBUG: Scraped from <200 https://www.bok.or.kr/portal/bbs/B0000245/list.do?menuNo=200761&pageIndex=3>
{'date': ['2021.06.29'],
 'file_url': 'https://www.bok.or.kr/portal/cmmn/file/fileDown.do?menuNo=200761&atchFileId=FILE_000000000025011&fileSn=2'}
2022-11-18 16:25:11 [scrapy.core.scraper] DEBUG: Scraped from <200 https://www.bok.or.kr/portal/bbs/B0000245/list.do?menuNo=200761&pageIndex=3>
{'date': ['2021.06.15'],
 'file_url': 'https://www.bok.or.kr/portal/cmmn/file/fileDown.do?menuNo=200761&atchFileId=FILE_000000000024803&fileSn=2'}
2022-11-18 16:25:11 [scrapy.core.scraper] DEBUG: Scraped from <200 https://www.bok.or.kr/portal/bbs/B0000245/list.do?menuNo=200761&pageIndex=3>
{'date': ['2021.05.04'],
 'file_url': 'https://www.bok.or.kr/portal/cmmn/file/fileDown.do?menuNo=200761&atchFileId=FILE_000000000023728&fileSn=2'}
2022-11-18 16:25:11 [scrapy.core.engine] DEBUG: Crawled (200) <GET https://www.bok.or.kr/portal/bbs/B0000245/list.do?menuNo=200761&pageIndex=4> (referer: None)
2022-11-18 16:25:11 [scrapy.core.scraper] DEBUG: Scraped from <200 https://www.bok.or.kr/portal/bbs/B0000245/list.do?menuNo=200761&pageIndex=4>
{'date': ['2021.03.30'],
 'file_url': 'https://www.bok.or.kr/portal/cmmn/file/fileDown.do?menuNo=200761&atchFileId=FILE_000000000023095&fileSn=2'}
2022-11-18 16:25:11 [scrapy.core.scraper] DEBUG: Scraped from <200 https://www.bok.or.kr/portal/bbs/B0000245/list.do?menuNo=200761&pageIndex=4>
{'date': ['2021.03.16'],
 'file_url': 'https://www.bok.or.kr/portal/cmmn/file/fileDown.do?menuNo=200761&atchFileId=FILE_000000000022786&fileSn=2'}
2022-11-18 16:25:11 [scrapy.core.scraper] DEBUG: Scraped from <200 https://www.bok.or.kr/portal/bbs/B0000245/list.do?menuNo=200761&pageIndex=4>
{'date': ['2021.02.16'],
 'file_url': 'https://www.bok.or.kr/portal/cmmn/file/fileDown.do?menuNo=200761&atchFileId=FILE_000000000022200&fileSn=2'}
2022-11-18 16:25:11 [scrapy.core.scraper] DEBUG: Scraped from <200 https://www.bok.or.kr/portal/bbs/B0000245/list.do?menuNo=200761&pageIndex=4>
{'date': ['2021.02.02'],
 'file_url': 'https://www.bok.or.kr/portal/cmmn/file/fileDown.do?menuNo=200761&atchFileId=FILE_000000000022000&fileSn=2'}
2022-11-18 16:25:11 [scrapy.core.scraper] DEBUG: Scraped from <200 https://www.bok.or.kr/portal/bbs/B0000245/list.do?menuNo=200761&pageIndex=4>
{'date': ['2021.01.08'],
 'file_url': 'https://www.bok.or.kr/portal/cmmn/file/fileDown.do?menuNo=200761&atchFileId=FILE_000000000021442&fileSn=3'}
2022-11-18 16:25:11 [scrapy.core.scraper] DEBUG: Scraped from <200 https://www.bok.or.kr/portal/bbs/B0000245/list.do?menuNo=200761&pageIndex=4>
{'date': ['2020.12.29'],
 'file_url': 'https://www.bok.or.kr/portal/cmmn/file/fileDown.do?menuNo=200761&atchFileId=FILE_000000000021200&fileSn=2'}
2022-11-18 16:25:11 [scrapy.core.scraper] DEBUG: Scraped from <200 https://www.bok.or.kr/portal/bbs/B0000245/list.do?menuNo=200761&pageIndex=4>
{'date': ['2020.12.15'],
 'file_url': 'https://www.bok.or.kr/portal/cmmn/file/fileDown.do?menuNo=200761&atchFileId=FILE_000000000021008&fileSn=2'}
2022-11-18 16:25:11 [scrapy.core.scraper] DEBUG: Scraped from <200 https://www.bok.or.kr/portal/bbs/B0000245/list.do?menuNo=200761&pageIndex=4>
{'date': ['2020.11.17'],
 'file_url': 'https://www.bok.or.kr/portal/cmmn/file/fileDown.do?menuNo=200761&atchFileId=FILE_000000000020561&fileSn=2'}
2022-11-18 16:25:11 [scrapy.core.scraper] DEBUG: Scraped from <200 https://www.bok.or.kr/portal/bbs/B0000245/list.do?menuNo=200761&pageIndex=4>
{'date': ['2020.11.03'],
 'file_url': 'https://www.bok.or.kr/portal/cmmn/file/fileDown.do?menuNo=200761&atchFileId=FILE_000000000020348&fileSn=2'}
2022-11-18 16:25:11 [scrapy.core.engine] DEBUG: Crawled (200) <GET https://www.bok.or.kr/portal/bbs/B0000245/list.do?menuNo=200761&pageIndex=5> (referer: None)
2022-11-18 16:25:11 [scrapy.core.scraper] DEBUG: Scraped from <200 https://www.bok.or.kr/portal/bbs/B0000245/list.do?menuNo=200761&pageIndex=5>
{'date': ['2020.09.29'],
 'file_url': 'https://www.bok.or.kr/portal/cmmn/file/fileDown.do?menuNo=200761&atchFileId=FILE_000000000019887&fileSn=2'}
2022-11-18 16:25:11 [scrapy.core.scraper] DEBUG: Scraped from <200 https://www.bok.or.kr/portal/bbs/B0000245/list.do?menuNo=200761&pageIndex=5>
{'date': ['2020.09.15'],
 'file_url': 'https://www.bok.or.kr/portal/cmmn/file/fileDown.do?menuNo=200761&atchFileId=FILE_000000000019652&fileSn=2'}
2022-11-18 16:25:11 [scrapy.core.scraper] DEBUG: Scraped from <200 https://www.bok.or.kr/portal/bbs/B0000245/list.do?menuNo=200761&pageIndex=5>
{'date': ['2020.08.18'],
 'file_url': 'https://www.bok.or.kr/portal/cmmn/file/fileDown.do?menuNo=200761&atchFileId=FILE_000000000019144&fileSn=2'}
2022-11-18 16:25:11 [scrapy.core.scraper] DEBUG: Scraped from <200 https://www.bok.or.kr/portal/bbs/B0000245/list.do?menuNo=200761&pageIndex=5>
{'date': ['2020.08.04'],
 'file_url': 'https://www.bok.or.kr/portal/cmmn/file/fileDown.do?menuNo=200761&atchFileId=FILE_000000000019003&fileSn=2'}
2022-11-18 16:25:11 [scrapy.core.scraper] DEBUG: Scraped from <200 https://www.bok.or.kr/portal/bbs/B0000245/list.do?menuNo=200761&pageIndex=5>
{'date': ['2020.08.04'],
 'file_url': 'https://www.bok.or.kr/portal/cmmn/file/fileDown.do?menuNo=200761&atchFileId=FILE_000000000019002&fileSn=2'}
2022-11-18 16:25:11 [scrapy.core.scraper] DEBUG: Scraped from <200 https://www.bok.or.kr/portal/bbs/B0000245/list.do?menuNo=200761&pageIndex=5>
{'date': ['2020.07.10'],
 'file_url': 'https://www.bok.or.kr/portal/cmmn/file/fileDown.do?menuNo=200761&atchFileId=FILE_000000000018540&fileSn=2'}
2022-11-18 16:25:11 [scrapy.core.scraper] DEBUG: Scraped from <200 https://www.bok.or.kr/portal/bbs/B0000245/list.do?menuNo=200761&pageIndex=5>
{'date': ['2020.06.30'],
 'file_url': 'https://www.bok.or.kr/portal/cmmn/file/fileDown.do?menuNo=200761&atchFileId=FILE_000000000018397&fileSn=2'}
2022-11-18 16:25:11 [scrapy.core.scraper] DEBUG: Scraped from <200 https://www.bok.or.kr/portal/bbs/B0000245/list.do?menuNo=200761&pageIndex=5>
{'date': ['2020.06.16'],
 'file_url': 'https://www.bok.or.kr/portal/cmmn/file/fileDown.do?menuNo=200761&atchFileId=FILE_000000000018152&fileSn=2'}
2022-11-18 16:25:11 [scrapy.core.scraper] DEBUG: Scraped from <200 https://www.bok.or.kr/portal/bbs/B0000245/list.do?menuNo=200761&pageIndex=5>
{'date': ['2020.06.02'],
 'file_url': 'https://www.bok.or.kr/portal/cmmn/file/fileDown.do?menuNo=200761&atchFileId=FILE_000000000017867&fileSn=2'}
2022-11-18 16:25:12 [scrapy.core.engine] DEBUG: Crawled (200) <GET https://www.bok.or.kr/portal/bbs/B0000245/list.do?menuNo=200761&pageIndex=6> (referer: None)
2022-11-18 16:25:12 [scrapy.core.scraper] DEBUG: Scraped from <200 https://www.bok.or.kr/portal/bbs/B0000245/list.do?menuNo=200761&pageIndex=6>
{'date': ['2020.04.28'],
 'file_url': 'https://www.bok.or.kr/portal/cmmn/file/fileDown.do?menuNo=200761&atchFileId=FILE_000000000017252&fileSn=2'}
2022-11-18 16:25:12 [scrapy.core.scraper] DEBUG: Scraped from <200 https://www.bok.or.kr/portal/bbs/B0000245/list.do?menuNo=200761&pageIndex=6>
{'date': ['2020.04.14'],
 'file_url': 'https://www.bok.or.kr/portal/cmmn/file/fileDown.do?menuNo=200761&atchFileId=FILE_000000000017031&fileSn=2'}
2022-11-18 16:25:12 [scrapy.core.scraper] DEBUG: Scraped from <200 https://www.bok.or.kr/portal/bbs/B0000245/list.do?menuNo=200761&pageIndex=6>
{'date': ['2020.03.31'],
 'file_url': 'https://www.bok.or.kr/portal/cmmn/file/fileDown.do?menuNo=200761&atchFileId=FILE_000000000016792&fileSn=2'}
2022-11-18 16:25:12 [scrapy.core.scraper] DEBUG: Scraped from <200 https://www.bok.or.kr/portal/bbs/B0000245/list.do?menuNo=200761&pageIndex=6>
{'date': ['2020.03.31'],
 'file_url': 'https://www.bok.or.kr/portal/cmmn/file/fileDown.do?menuNo=200761&atchFileId=FILE_000000000016791&fileSn=2'}
2022-11-18 16:25:12 [scrapy.core.scraper] DEBUG: Scraped from <200 https://www.bok.or.kr/portal/bbs/B0000245/list.do?menuNo=200761&pageIndex=6>
{'date': ['2020.03.17'],
 'file_url': 'https://www.bok.or.kr/portal/cmmn/file/fileDown.do?menuNo=200761&atchFileId=FILE_000000000016489&fileSn=2'}
2022-11-18 16:25:12 [scrapy.core.scraper] DEBUG: Scraped from <200 https://www.bok.or.kr/portal/bbs/B0000245/list.do?menuNo=200761&pageIndex=6>
{'date': ['2020.02.04'],
 'file_url': 'https://www.bok.or.kr/portal/cmmn/file/fileDown.do?menuNo=200761&atchFileId=FILE_000000000015840&fileSn=2'}
2022-11-18 16:25:12 [scrapy.core.scraper] DEBUG: Scraped from <200 https://www.bok.or.kr/portal/bbs/B0000245/list.do?menuNo=200761&pageIndex=6>
{'date': ['2020.01.10'],
 'file_url': 'https://www.bok.or.kr/portal/cmmn/file/fileDown.do?menuNo=200761&atchFileId=FILE_000000000015301&fileSn=2'}
2022-11-18 16:25:12 [scrapy.core.scraper] DEBUG: Scraped from <200 https://www.bok.or.kr/portal/bbs/B0000245/list.do?menuNo=200761&pageIndex=6>
{'date': ['2019.12.31'],
 'file_url': 'https://www.bok.or.kr/portal/cmmn/file/fileDown.do?menuNo=200761&atchFileId=FILE_000000000015149&fileSn=2'}
2022-11-18 16:25:12 [scrapy.core.scraper] DEBUG: Scraped from <200 https://www.bok.or.kr/portal/bbs/B0000245/list.do?menuNo=200761&pageIndex=6>
{'date': ['2019.12.17'],
 'file_url': 'https://www.bok.or.kr/portal/cmmn/file/fileDown.do?menuNo=200761&atchFileId=FILE_000000000014826&fileSn=2'}
2022-11-18 16:25:12 [scrapy.core.engine] DEBUG: Crawled (200) <GET https://www.bok.or.kr/portal/bbs/B0000245/list.do?menuNo=200761&pageIndex=7> (referer: None)
2022-11-18 16:25:12 [scrapy.core.scraper] DEBUG: Scraped from <200 https://www.bok.or.kr/portal/bbs/B0000245/list.do?menuNo=200761&pageIndex=7>
{'date': ['2019.10.11'],
 'file_url': 'https://www.bok.or.kr/portal/cmmn/file/fileDown.do?menuNo=200761&atchFileId=FILE_000000000013746&fileSn=2'}
2022-11-18 16:25:12 [scrapy.core.scraper] DEBUG: Scraped from <200 https://www.bok.or.kr/portal/bbs/B0000245/list.do?menuNo=200761&pageIndex=7>
{'date': ['2019.09.17'],
 'file_url': 'https://www.bok.or.kr/portal/cmmn/file/fileDown.do?menuNo=200761&atchFileId=FILE_000000000013325&fileSn=2'}
2022-11-18 16:25:12 [scrapy.core.scraper] DEBUG: Scraped from <200 https://www.bok.or.kr/portal/bbs/B0000245/list.do?menuNo=200761&pageIndex=7>
{'date': ['2019.08.27'],
 'file_url': 'https://www.bok.or.kr/portal/cmmn/file/fileDown.do?menuNo=200761&atchFileId=FILE_000000000012952&fileSn=2'}
2022-11-18 16:25:12 [scrapy.core.scraper] DEBUG: Scraped from <200 https://www.bok.or.kr/portal/bbs/B0000245/list.do?menuNo=200761&pageIndex=7>
{'date': ['2019.08.06'],
 'file_url': 'https://www.bok.or.kr/portal/cmmn/file/fileDown.do?menuNo=200761&atchFileId=FILE_000000000012634&fileSn=2'}
2022-11-18 16:25:12 [scrapy.core.scraper] DEBUG: Scraped from <200 https://www.bok.or.kr/portal/bbs/B0000245/list.do?menuNo=200761&pageIndex=7>
{'date': ['2019.07.09'],
 'file_url': 'https://www.bok.or.kr/portal/cmmn/file/fileDown.do?menuNo=200761&atchFileId=FILE_000000000012003&fileSn=2'}
2022-11-18 16:25:12 [scrapy.core.scraper] DEBUG: Scraped from <200 https://www.bok.or.kr/portal/bbs/B0000245/list.do?menuNo=200761&pageIndex=7>
{'date': ['2019.06.18'],
 'file_url': 'https://www.bok.or.kr/portal/cmmn/file/fileDown.do?menuNo=200761&atchFileId=FILE_000000000011589&fileSn=2'}
2022-11-18 16:25:12 [scrapy.core.scraper] DEBUG: Scraped from <200 https://www.bok.or.kr/portal/bbs/B0000245/list.do?menuNo=200761&pageIndex=7>
{'date': ['2019.05.28'],
 'file_url': 'https://www.bok.or.kr/portal/cmmn/file/fileDown.do?menuNo=200761&atchFileId=FILE_000000000011081&fileSn=2'}
2022-11-18 16:25:12 [scrapy.core.scraper] DEBUG: Scraped from <200 https://www.bok.or.kr/portal/bbs/B0000245/list.do?menuNo=200761&pageIndex=7>
{'date': ['2019.05.07'],
 'file_url': 'https://www.bok.or.kr/portal/cmmn/file/fileDown.do?menuNo=200761&atchFileId=FILE_000000000010654&fileSn=2'}
2022-11-18 16:25:12 [scrapy.core.scraper] DEBUG: Scraped from <200 https://www.bok.or.kr/portal/bbs/B0000245/list.do?menuNo=200761&pageIndex=7>
{'date': ['2019.04.12'],
 'file_url': 'https://www.bok.or.kr/portal/cmmn/file/fileDown.do?menuNo=200761&atchFileId=FILE_000000000010276&fileSn=2'}
2022-11-18 16:25:12 [scrapy.core.engine] DEBUG: Crawled (200) <GET https://www.bok.or.kr/portal/bbs/B0000245/list.do?menuNo=200761&pageIndex=8> (referer: None)
2022-11-18 16:25:12 [scrapy.core.scraper] DEBUG: Scraped from <200 https://www.bok.or.kr/portal/bbs/B0000245/list.do?menuNo=200761&pageIndex=8>
{'date': ['2019.03.05'],
 'file_url': 'https://www.bok.or.kr/portal/cmmn/file/fileDown.do?menuNo=200761&atchFileId=FILE_000000000009445&fileSn=2'}
2022-11-18 16:25:12 [scrapy.core.scraper] DEBUG: Scraped from <200 https://www.bok.or.kr/portal/bbs/B0000245/list.do?menuNo=200761&pageIndex=8>
{'date': ['2019.02.12'],
 'file_url': 'https://www.bok.or.kr/portal/cmmn/file/fileDown.do?menuNo=200761&atchFileId=FILE_000000000009054&fileSn=2'}
2022-11-18 16:25:12 [scrapy.core.scraper] DEBUG: Scraped from <200 https://www.bok.or.kr/portal/bbs/B0000245/list.do?menuNo=200761&pageIndex=8>
{'date': ['2019.02.07'],
 'file_url': 'https://www.bok.or.kr/portal/cmmn/file/fileDown.do?menuNo=200761&atchFileId=FILE_000000000008959&fileSn=2'}
2022-11-18 16:25:12 [scrapy.core.scraper] DEBUG: Scraped from <200 https://www.bok.or.kr/portal/bbs/B0000245/list.do?menuNo=200761&pageIndex=8>
{'date': ['2019.01.15'],
 'file_url': 'https://www.bok.or.kr/portal/cmmn/file/fileDown.do?menuNo=200761&atchFileId=FILE_000000000008551&fileSn=2'}
2022-11-18 16:25:12 [scrapy.core.scraper] DEBUG: Scraped from <200 https://www.bok.or.kr/portal/bbs/B0000245/list.do?menuNo=200761&pageIndex=8>
{'date': ['2019.01.08'],
 'file_url': 'https://www.bok.or.kr/portal/cmmn/file/fileDown.do?menuNo=200761&atchFileId=FILE_000000000008405&fileSn=2'}
2022-11-18 16:25:12 [scrapy.core.scraper] DEBUG: Scraped from <200 https://www.bok.or.kr/portal/bbs/B0000245/list.do?menuNo=200761&pageIndex=8>
{'date': ['2018.12.26'],
 'file_url': 'https://www.bok.or.kr/portal/cmmn/file/fileDown.do?menuNo=200761&atchFileId=FILE_000000000008131&fileSn=2'}
2022-11-18 16:25:12 [scrapy.core.scraper] DEBUG: Scraped from <200 https://www.bok.or.kr/portal/bbs/B0000245/list.do?menuNo=200761&pageIndex=8>
{'date': ['2018.12.18'],
 'file_url': 'https://www.bok.or.kr/portal/cmmn/file/fileDown.do?menuNo=200761&atchFileId=FILE_000000000007974&fileSn=2'}
2022-11-18 16:25:12 [scrapy.core.scraper] DEBUG: Scraped from <200 https://www.bok.or.kr/portal/bbs/B0000245/list.do?menuNo=200761&pageIndex=8>
{'date': ['2018.11.27'],
 'file_url': 'https://www.bok.or.kr/portal/cmmn/file/fileDown.do?menuNo=200761&atchFileId=FILE_000000000007562&fileSn=2'}
2022-11-18 16:25:12 [scrapy.core.scraper] DEBUG: Scraped from <200 https://www.bok.or.kr/portal/bbs/B0000245/list.do?menuNo=200761&pageIndex=8>
{'date': ['2018.11.06'],
 'file_url': 'https://www.bok.or.kr/portal/cmmn/file/fileDown.do?menuNo=200761&atchFileId=FILE_000000000007208&fileSn=2'}
2022-11-18 16:25:12 [scrapy.core.engine] DEBUG: Crawled (200) <GET https://www.bok.or.kr/portal/bbs/B0000245/list.do?menuNo=200761&pageIndex=9> (referer: None)
2022-11-18 16:25:12 [scrapy.core.engine] DEBUG: Crawled (200) <GET https://www.bok.or.kr/portal/bbs/B0000245/list.do?menuNo=200761&pageIndex=10> (referer: None)
2022-11-18 16:25:12 [scrapy.core.scraper] DEBUG: Scraped from <200 https://www.bok.or.kr/portal/bbs/B0000245/list.do?menuNo=200761&pageIndex=9>
{'date': ['2018.09.18'],
 'file_url': 'https://www.bok.or.kr/portal/cmmn/file/fileDown.do?menuNo=200761&atchFileId=FILE_000000000006297&fileSn=2'}
2022-11-18 16:25:12 [scrapy.core.scraper] DEBUG: Scraped from <200 https://www.bok.or.kr/portal/bbs/B0000245/list.do?menuNo=200761&pageIndex=9>
{'date': ['2018.08.14'],
 'file_url': 'https://www.bok.or.kr/portal/cmmn/file/fileDown.do?menuNo=200761&atchFileId=FILE_000000000005600&fileSn=2'}
2022-11-18 16:25:12 [scrapy.core.scraper] DEBUG: Scraped from <200 https://www.bok.or.kr/portal/bbs/B0000245/list.do?menuNo=200761&pageIndex=9>
{'date': ['2018.07.31'],
 'file_url': 'https://www.bok.or.kr/portal/cmmn/file/fileDown.do?menuNo=200761&atchFileId=FILE_000000000005384&fileSn=2'}
2022-11-18 16:25:12 [scrapy.core.scraper] DEBUG: Scraped from <200 https://www.bok.or.kr/portal/bbs/B0000245/list.do?menuNo=200761&pageIndex=9>
{'date': ['2018.07.06'],
 'file_url': 'https://www.bok.or.kr/portal/cmmn/file/fileDown.do?menuNo=200761&atchFileId=FILE_000000000004691&fileSn=2'}
2022-11-18 16:25:12 [scrapy.core.scraper] DEBUG: Scraped from <200 https://www.bok.or.kr/portal/bbs/B0000245/list.do?menuNo=200761&pageIndex=9>
{'date': ['2018.06.12'],
 'file_url': 'https://www.bok.or.kr/portal/cmmn/file/fileDown.do?menuNo=200761&atchFileId=FILE_000000000003979&fileSn=2'}
2022-11-18 16:25:12 [scrapy.core.scraper] DEBUG: Scraped from <200 https://www.bok.or.kr/portal/bbs/B0000245/list.do?menuNo=200761&pageIndex=9>
{'date': ['2018.05.15'],
 'file_url': 'https://www.bok.or.kr/portal/cmmn/file/fileDown.do?menuNo=200761&atchFileId=FILE_000000000003000&fileSn=2'}
2022-11-18 16:25:12 [scrapy.core.scraper] DEBUG: Scraped from <200 https://www.bok.or.kr/portal/bbs/B0000245/list.do?menuNo=200761&pageIndex=9>
{'date': ['2018.05.02'],
 'file_url': 'https://www.bok.or.kr/portal/cmmn/file/fileDown.do?menuNo=200761&atchFileId=KO_00000000000144368&fileSn=2'}
2022-11-18 16:25:12 [scrapy.core.scraper] DEBUG: Scraped from <200 https://www.bok.or.kr/portal/bbs/B0000245/list.do?menuNo=200761&pageIndex=9>
{'date': ['2018.04.17'],
 'file_url': 'https://www.bok.or.kr/portal/cmmn/file/fileDown.do?menuNo=200761&atchFileId=KO_00000000000144056&fileSn=2'}
2022-11-18 16:25:12 [scrapy.core.scraper] DEBUG: Scraped from <200 https://www.bok.or.kr/portal/bbs/B0000245/list.do?menuNo=200761&pageIndex=9>
{'date': ['2018.03.27'],
 'file_url': 'https://www.bok.or.kr/portal/cmmn/file/fileDown.do?menuNo=200761&atchFileId=KO_00000000000143631&fileSn=2'}
2022-11-18 16:25:12 [scrapy.core.scraper] DEBUG: Scraped from <200 https://www.bok.or.kr/portal/bbs/B0000245/list.do?menuNo=200761&pageIndex=10>
{'date': ['2018.02.27'],
 'file_url': 'https://www.bok.or.kr/portal/cmmn/file/fileDown.do?menuNo=200761&atchFileId=KO_00000000000143015&fileSn=2'}
2022-11-18 16:25:12 [scrapy.core.scraper] DEBUG: Scraped from <200 https://www.bok.or.kr/portal/bbs/B0000245/list.do?menuNo=200761&pageIndex=10>
{'date': ['2018.02.06'],
 'file_url': 'https://www.bok.or.kr/portal/cmmn/file/fileDown.do?menuNo=200761&atchFileId=KO_00000000000142628&fileSn=2'}
2022-11-18 16:25:12 [scrapy.core.scraper] DEBUG: Scraped from <200 https://www.bok.or.kr/portal/bbs/B0000245/list.do?menuNo=200761&pageIndex=10>
{'date': ['2018.01.16'],
 'file_url': 'https://www.bok.or.kr/portal/cmmn/file/fileDown.do?menuNo=200761&atchFileId=KO_00000000000142165&fileSn=2'}
2022-11-18 16:25:12 [scrapy.core.scraper] DEBUG: Scraped from <200 https://www.bok.or.kr/portal/bbs/B0000245/list.do?menuNo=200761&pageIndex=10>
{'date': ['2018.01.02'],
 'file_url': 'https://www.bok.or.kr/portal/cmmn/file/fileDown.do?menuNo=200761&atchFileId=KO_00000000000141564&fileSn=2'}
2022-11-18 16:25:12 [scrapy.core.scraper] DEBUG: Scraped from <200 https://www.bok.or.kr/portal/bbs/B0000245/list.do?menuNo=200761&pageIndex=10>
{'date': ['2017.12.26'],
 'file_url': 'https://www.bok.or.kr/portal/cmmn/file/fileDown.do?menuNo=200761&atchFileId=KO_00000000000141380&fileSn=2'}
2022-11-18 16:25:12 [scrapy.core.scraper] DEBUG: Scraped from <200 https://www.bok.or.kr/portal/bbs/B0000245/list.do?menuNo=200761&pageIndex=10>
{'date': ['2017.12.19'],
 'file_url': 'https://www.bok.or.kr/portal/cmmn/file/fileDown.do?menuNo=200761&atchFileId=KO_00000000000141238&fileSn=2'}
2022-11-18 16:25:12 [scrapy.core.scraper] DEBUG: Scraped from <200 https://www.bok.or.kr/portal/bbs/B0000245/list.do?menuNo=200761&pageIndex=10>
{'date': ['2017.11.28'],
 'file_url': 'https://www.bok.or.kr/portal/cmmn/file/fileDown.do?menuNo=200761&atchFileId=KO_00000000000140759&fileSn=2'}
2022-11-18 16:25:12 [scrapy.core.scraper] DEBUG: Scraped from <200 https://www.bok.or.kr/portal/bbs/B0000245/list.do?menuNo=200761&pageIndex=10>
{'date': ['2017.11.07'],
 'file_url': 'https://www.bok.or.kr/portal/cmmn/file/fileDown.do?menuNo=200761&atchFileId=KO_00000000000140367&fileSn=2'}
2022-11-18 16:25:12 [scrapy.core.scraper] DEBUG: Scraped from <200 https://www.bok.or.kr/portal/bbs/B0000245/list.do?menuNo=200761&pageIndex=10>
{'date': ['2017.10.10'],
 'file_url': 'https://www.bok.or.kr/portal/cmmn/file/fileDown.do?menuNo=200761&atchFileId=KO_00000000000139664&fileSn=2'}
2022-11-18 16:25:13 [scrapy.core.engine] DEBUG: Crawled (200) <GET https://www.bok.or.kr/portal/bbs/B0000245/list.do?menuNo=200761&pageIndex=11> (referer: None)
2022-11-18 16:25:13 [scrapy.core.scraper] DEBUG: Scraped from <200 https://www.bok.or.kr/portal/bbs/B0000245/list.do?menuNo=200761&pageIndex=11>
{'date': ['2017.08.29'],
 'file_url': 'https://www.bok.or.kr/portal/cmmn/file/fileDown.do?menuNo=200761&atchFileId=KO_00000000000138711&fileSn=2'}
2022-11-18 16:25:13 [scrapy.core.scraper] DEBUG: Scraped from <200 https://www.bok.or.kr/portal/bbs/B0000245/list.do?menuNo=200761&pageIndex=11>
{'date': ['2017.08.01'],
 'file_url': 'https://www.bok.or.kr/portal/cmmn/file/fileDown.do?menuNo=200761&atchFileId=KO_00000000000138065&fileSn=2'}
2022-11-18 16:25:13 [scrapy.core.scraper] DEBUG: Scraped from <200 https://www.bok.or.kr/portal/bbs/B0000245/list.do?menuNo=200761&pageIndex=11>
{'date': ['2017.07.07'],
 'file_url': 'https://www.bok.or.kr/portal/cmmn/file/fileDown.do?menuNo=200761&atchFileId=KO_00000000000137283&fileSn=2'}
2022-11-18 16:25:13 [scrapy.core.scraper] DEBUG: Scraped from <200 https://www.bok.or.kr/portal/bbs/B0000245/list.do?menuNo=200761&pageIndex=11>
{'date': ['2017.06.13'],
 'file_url': 'https://www.bok.or.kr/portal/cmmn/file/fileDown.do?menuNo=200761&atchFileId=KO_00000000000136756&fileSn=2'}
2022-11-18 16:25:13 [scrapy.core.scraper] DEBUG: Scraped from <200 https://www.bok.or.kr/portal/bbs/B0000245/list.do?menuNo=200761&pageIndex=11>
{'date': ['2017.05.16'],
 'file_url': 'https://www.bok.or.kr/portal/cmmn/file/fileDown.do?menuNo=200761&atchFileId=KO_00000000000135960&fileSn=2'}
2022-11-18 16:25:13 [scrapy.core.scraper] DEBUG: Scraped from <200 https://www.bok.or.kr/portal/bbs/B0000245/list.do?menuNo=200761&pageIndex=11>
{'date': ['2017.05.02'],
 'file_url': 'https://www.bok.or.kr/portal/cmmn/file/fileDown.do?menuNo=200761&atchFileId=KO_00000000000135725&fileSn=2'}
2022-11-18 16:25:13 [scrapy.core.scraper] DEBUG: Scraped from <200 https://www.bok.or.kr/portal/bbs/B0000245/list.do?menuNo=200761&pageIndex=11>
{'date': ['2017.04.07'],
 'file_url': 'https://www.bok.or.kr/portal/cmmn/file/fileDown.do?menuNo=200761&atchFileId=KO_00000000000135212&fileSn=2'}
2022-11-18 16:25:13 [scrapy.core.scraper] DEBUG: Scraped from <200 https://www.bok.or.kr/portal/bbs/B0000245/list.do?menuNo=200761&pageIndex=11>
{'date': ['2017.03.14'],
 'file_url': 'https://www.bok.or.kr/portal/cmmn/file/fileDown.do?menuNo=200761&atchFileId=KO_00000000000134602&fileSn=2'}
2022-11-18 16:25:13 [scrapy.core.scraper] DEBUG: Scraped from <200 https://www.bok.or.kr/portal/bbs/B0000245/list.do?menuNo=200761&pageIndex=11>
{'date': ['2017.02.14'],
 'file_url': 'https://www.bok.or.kr/portal/cmmn/file/fileDown.do?menuNo=200761&atchFileId=KO_00000000000133769&fileSn=2'}
2022-11-18 16:25:13 [scrapy.core.engine] DEBUG: Crawled (200) <GET https://www.bok.or.kr/portal/bbs/B0000245/list.do?menuNo=200761&pageIndex=12> (referer: None)
2022-11-18 16:25:13 [scrapy.core.scraper] DEBUG: Scraped from <200 https://www.bok.or.kr/portal/bbs/B0000245/list.do?menuNo=200761&pageIndex=12>
{'date': ['2017.01.17'],
 'file_url': 'https://www.bok.or.kr/portal/cmmn/file/fileDown.do?menuNo=200761&atchFileId=KO_00000000000132986&fileSn=2'}
2022-11-18 16:25:13 [scrapy.core.scraper] DEBUG: Scraped from <200 https://www.bok.or.kr/portal/bbs/B0000245/list.do?menuNo=200761&pageIndex=12>
{'date': ['2017.01.10'],
 'file_url': 'https://www.bok.or.kr/portal/cmmn/file/fileDown.do?menuNo=200761&atchFileId=KO_00000000000132842&fileSn=2'}
2022-11-18 16:25:13 [scrapy.core.scraper] DEBUG: Scraped from <200 https://www.bok.or.kr/portal/bbs/B0000245/list.do?menuNo=200761&pageIndex=12>
{'date': ['2017.01.03'],
 'file_url': 'https://www.bok.or.kr/portal/cmmn/file/fileDown.do?menuNo=200761&atchFileId=KO_00000000000132699&fileSn=2'}
2022-11-18 16:25:13 [scrapy.core.scraper] DEBUG: Scraped from <200 https://www.bok.or.kr/portal/bbs/B0000245/list.do?menuNo=200761&pageIndex=12>
{'date': ['2016.12.13'],
 'file_url': 'https://www.bok.or.kr/portal/cmmn/file/fileDown.do?menuNo=200761&atchFileId=KO_00000000000132102&fileSn=2'}
2022-11-18 16:25:13 [scrapy.core.scraper] DEBUG: Scraped from <200 https://www.bok.or.kr/portal/bbs/B0000245/list.do?menuNo=200761&pageIndex=12>
{'date': ['2016.11.29'],
 'file_url': 'https://www.bok.or.kr/portal/cmmn/file/fileDown.do?menuNo=200761&atchFileId=KO_00000000000131735&fileSn=2'}
2022-11-18 16:25:13 [scrapy.core.scraper] DEBUG: Scraped from <200 https://www.bok.or.kr/portal/bbs/B0000245/list.do?menuNo=200761&pageIndex=12>
{'date': ['2016.11.15'],
 'file_url': 'https://www.bok.or.kr/portal/cmmn/file/fileDown.do?menuNo=200761&atchFileId=KO_00000000000131464&fileSn=2'}
2022-11-18 16:25:13 [scrapy.core.scraper] DEBUG: Scraped from <200 https://www.bok.or.kr/portal/bbs/B0000245/list.do?menuNo=200761&pageIndex=12>
{'date': ['2016.11.01'],
 'file_url': 'https://www.bok.or.kr/portal/cmmn/file/fileDown.do?menuNo=200761&atchFileId=KO_00000000000131169&fileSn=2'}
2022-11-18 16:25:13 [scrapy.core.scraper] DEBUG: Scraped from <200 https://www.bok.or.kr/portal/bbs/B0000245/list.do?menuNo=200761&pageIndex=12>
{'date': ['2016.10.11'],
 'file_url': 'https://www.bok.or.kr/portal/cmmn/file/fileDown.do?menuNo=200761&atchFileId=KO_00000000000130666&fileSn=2'}
2022-11-18 16:25:13 [scrapy.core.scraper] DEBUG: Scraped from <200 https://www.bok.or.kr/portal/bbs/B0000245/list.do?menuNo=200761&pageIndex=12>
{'date': ['2016.09.27'],
 'file_url': 'https://www.bok.or.kr/portal/cmmn/file/fileDown.do?menuNo=200761&atchFileId=KO_00000000000130137&fileSn=2'}
2022-11-18 16:25:13 [scrapy.core.engine] DEBUG: Crawled (200) <GET https://www.bok.or.kr/portal/bbs/B0000245/list.do?menuNo=200761&pageIndex=13> (referer: None)
2022-11-18 16:25:13 [scrapy.core.scraper] DEBUG: Scraped from <200 https://www.bok.or.kr/portal/bbs/B0000245/list.do?menuNo=200761&pageIndex=13>
{'date': ['2016.08.02'],
 'file_url': 'https://www.bok.or.kr/portal/cmmn/file/fileDown.do?menuNo=200761&atchFileId=KO_00000000000129046&fileSn=2'}
2022-11-18 16:25:13 [scrapy.core.scraper] DEBUG: Scraped from <200 https://www.bok.or.kr/portal/bbs/B0000245/list.do?menuNo=200761&pageIndex=13>
{'date': ['2016.07.19'],
 'file_url': 'https://www.bok.or.kr/portal/cmmn/file/fileDown.do?menuNo=200761&atchFileId=KO_00000000000128702&fileSn=2'}
2022-11-18 16:25:13 [scrapy.core.scraper] DEBUG: Scraped from <200 https://www.bok.or.kr/portal/bbs/B0000245/list.do?menuNo=200761&pageIndex=13>
{'date': ['2016.07.12'],
 'file_url': 'https://www.bok.or.kr/portal/cmmn/file/fileDown.do?menuNo=200761&atchFileId=KO_00000000000128259&fileSn=2'}
2022-11-18 16:25:13 [scrapy.core.scraper] DEBUG: Scraped from <200 https://www.bok.or.kr/portal/bbs/B0000245/list.do?menuNo=200761&pageIndex=13>
{'date': ['2016.06.28'],
 'file_url': 'https://www.bok.or.kr/portal/cmmn/file/fileDown.do?menuNo=200761&atchFileId=KO_00000000000127611&fileSn=2'}
2022-11-18 16:25:13 [scrapy.core.scraper] DEBUG: Scraped from <200 https://www.bok.or.kr/portal/bbs/B0000245/list.do?menuNo=200761&pageIndex=13>
{'date': ['2016.05.31'],
 'file_url': 'https://www.bok.or.kr/portal/cmmn/file/fileDown.do?menuNo=200761&atchFileId=KO_00000000000126844&fileSn=2'}
2022-11-18 16:25:13 [scrapy.core.scraper] DEBUG: Scraped from <200 https://www.bok.or.kr/portal/bbs/B0000245/list.do?menuNo=200761&pageIndex=13>
{'date': ['2016.05.04'],
 'file_url': 'https://www.bok.or.kr/portal/cmmn/file/fileDown.do?menuNo=200761&atchFileId=KO_00000000000126220&fileSn=2'}
2022-11-18 16:25:13 [scrapy.core.scraper] DEBUG: Scraped from <200 https://www.bok.or.kr/portal/bbs/B0000245/list.do?menuNo=200761&pageIndex=13>
{'date': ['2016.04.12'],
 'file_url': 'https://www.bok.or.kr/portal/cmmn/file/fileDown.do?menuNo=200761&atchFileId=KO_00000000000125648&fileSn=2'}
2022-11-18 16:25:13 [scrapy.core.scraper] DEBUG: Scraped from <200 https://www.bok.or.kr/portal/bbs/B0000245/list.do?menuNo=200761&pageIndex=13>
{'date': ['2016.03.29'],
 'file_url': 'https://www.bok.or.kr/portal/cmmn/file/fileDown.do?menuNo=200761&atchFileId=KO_00000000000125271&fileSn=2'}
2022-11-18 16:25:13 [scrapy.core.scraper] DEBUG: Scraped from <200 https://www.bok.or.kr/portal/bbs/B0000245/list.do?menuNo=200761&pageIndex=13>
{'date': ['2016.03.15'],
 'file_url': 'https://www.bok.or.kr/portal/cmmn/file/fileDown.do?menuNo=200761&atchFileId=KO_00000000000124880&fileSn=2'}
2022-11-18 16:25:13 [scrapy.core.engine] DEBUG: Crawled (200) <GET https://www.bok.or.kr/portal/bbs/B0000245/list.do?menuNo=200761&pageIndex=14> (referer: None)
2022-11-18 16:25:13 [scrapy.core.scraper] DEBUG: Scraped from <200 https://www.bok.or.kr/portal/bbs/B0000245/list.do?menuNo=200761&pageIndex=14>
{'date': ['2016.02.16'],
 'file_url': 'https://www.bok.or.kr/portal/cmmn/file/fileDown.do?menuNo=200761&atchFileId=KO_00000000000124062&fileSn=2'}
2022-11-18 16:25:13 [scrapy.core.scraper] DEBUG: Scraped from <200 https://www.bok.or.kr/portal/bbs/B0000245/list.do?menuNo=200761&pageIndex=14>
{'date': ['2016.02.02'],
 'file_url': 'https://www.bok.or.kr/portal/cmmn/file/fileDown.do?menuNo=200761&atchFileId=KO_00000000000123815&fileSn=2'}
2022-11-18 16:25:13 [scrapy.core.scraper] DEBUG: Scraped from <200 https://www.bok.or.kr/portal/bbs/B0000245/list.do?menuNo=200761&pageIndex=14>
{'date': ['2016.01.12'],
 'file_url': 'https://www.bok.or.kr/portal/cmmn/file/fileDown.do?menuNo=200761&atchFileId=KO_00000000000123220&fileSn=2'}
2022-11-18 16:25:13 [scrapy.core.scraper] DEBUG: Scraped from <200 https://www.bok.or.kr/portal/bbs/B0000245/list.do?menuNo=200761&pageIndex=14>
{'date': ['2016.01.05'],
 'file_url': 'https://www.bok.or.kr/portal/cmmn/file/fileDown.do?menuNo=200761&atchFileId=KO_00000000000123043&fileSn=2'}
2022-11-18 16:25:13 [scrapy.core.scraper] DEBUG: Scraped from <200 https://www.bok.or.kr/portal/bbs/B0000245/list.do?menuNo=200761&pageIndex=14>
{'date': ['2015.12.29'],
 'file_url': 'https://www.bok.or.kr/portal/cmmn/file/fileDown.do?menuNo=200761&atchFileId=KO_00000000000122755&fileSn=2'}
2022-11-18 16:25:13 [scrapy.core.scraper] DEBUG: Scraped from <200 https://www.bok.or.kr/portal/bbs/B0000245/list.do?menuNo=200761&pageIndex=14>
{'date': ['2015.12.15'],
 'file_url': 'https://www.bok.or.kr/portal/cmmn/file/fileDown.do?menuNo=200761&atchFileId=KO_00000000000122376&fileSn=2'}
2022-11-18 16:25:13 [scrapy.core.scraper] DEBUG: Scraped from <200 https://www.bok.or.kr/portal/bbs/B0000245/list.do?menuNo=200761&pageIndex=14>
{'date': ['2015.12.01'],
 'file_url': 'https://www.bok.or.kr/portal/cmmn/file/fileDown.do?menuNo=200761&atchFileId=KO_00000000000122054&fileSn=2'}
2022-11-18 16:25:13 [scrapy.core.scraper] DEBUG: Scraped from <200 https://www.bok.or.kr/portal/bbs/B0000245/list.do?menuNo=200761&pageIndex=14>
{'date': ['2015.11.17'],
 'file_url': 'https://www.bok.or.kr/portal/cmmn/file/fileDown.do?menuNo=200761&atchFileId=KO_00000000000121607&fileSn=2'}
2022-11-18 16:25:13 [scrapy.core.scraper] DEBUG: Scraped from <200 https://www.bok.or.kr/portal/bbs/B0000245/list.do?menuNo=200761&pageIndex=14>
{'date': ['2015.11.03'],
 'file_url': 'https://www.bok.or.kr/portal/cmmn/file/fileDown.do?menuNo=200761&atchFileId=KO_00000000000121201&fileSn=2'}
2022-11-18 16:25:13 [scrapy.core.engine] DEBUG: Crawled (200) <GET https://www.bok.or.kr/portal/bbs/B0000245/list.do?menuNo=200761&pageIndex=15> (referer: None)
2022-11-18 16:25:14 [scrapy.core.scraper] DEBUG: Scraped from <200 https://www.bok.or.kr/portal/bbs/B0000245/list.do?menuNo=200761&pageIndex=15>
{'date': ['2015.09.30'],
 'file_url': 'https://www.bok.or.kr/portal/cmmn/file/fileDown.do?menuNo=200761&atchFileId=KO_00000000000120307&fileSn=2'}
2022-11-18 16:25:14 [scrapy.core.scraper] DEBUG: Scraped from <200 https://www.bok.or.kr/portal/bbs/B0000245/list.do?menuNo=200761&pageIndex=15>
{'date': ['2015.09.15'],
 'file_url': 'https://www.bok.or.kr/portal/cmmn/file/fileDown.do?menuNo=200761&atchFileId=KO_00000000000119906&fileSn=2'}
2022-11-18 16:25:14 [scrapy.core.scraper] DEBUG: Scraped from <200 https://www.bok.or.kr/portal/bbs/B0000245/list.do?menuNo=200761&pageIndex=15>
{'date': ['2015.09.01'],
 'file_url': 'https://www.bok.or.kr/portal/cmmn/file/fileDown.do?menuNo=200761&atchFileId=KO_00000000000119467&fileSn=2'}
2022-11-18 16:25:14 [scrapy.core.scraper] DEBUG: Scraped from <200 https://www.bok.or.kr/portal/bbs/B0000245/list.do?menuNo=200761&pageIndex=15>
{'date': ['2015.08.11'],
 'file_url': 'https://www.bok.or.kr/portal/cmmn/file/fileDown.do?menuNo=200761&atchFileId=KO_00000000000118933&fileSn=2'}
2022-11-18 16:25:14 [scrapy.core.scraper] DEBUG: Scraped from <200 https://www.bok.or.kr/portal/bbs/B0000245/list.do?menuNo=200761&pageIndex=15>
{'date': ['2015.07.28'],
 'file_url': 'https://www.bok.or.kr/portal/cmmn/file/fileDown.do?menuNo=200761&atchFileId=KO_00000000000118538&fileSn=2'}
2022-11-18 16:25:14 [scrapy.core.scraper] DEBUG: Scraped from <200 https://www.bok.or.kr/portal/bbs/B0000245/list.do?menuNo=200761&pageIndex=15>
{'date': ['2015.07.14'],
 'file_url': 'https://www.bok.or.kr/portal/cmmn/file/fileDown.do?menuNo=200761&atchFileId=KO_00000000000118188&fileSn=2'}
2022-11-18 16:25:14 [scrapy.core.scraper] DEBUG: Scraped from <200 https://www.bok.or.kr/portal/bbs/B0000245/list.do?menuNo=200761&pageIndex=15>
{'date': ['2015.06.30'],
 'file_url': 'https://www.bok.or.kr/portal/cmmn/file/fileDown.do?menuNo=200761&atchFileId=KO_00000000000117763&fileSn=2'}
2022-11-18 16:25:14 [scrapy.core.scraper] DEBUG: Scraped from <200 https://www.bok.or.kr/portal/bbs/B0000245/list.do?menuNo=200761&pageIndex=15>
{'date': ['2015.06.02'],
 'file_url': 'https://www.bok.or.kr/portal/cmmn/file/fileDown.do?menuNo=200761&atchFileId=KO_00000000000116987&fileSn=2'}
2022-11-18 16:25:14 [scrapy.core.scraper] DEBUG: Scraped from <200 https://www.bok.or.kr/portal/bbs/B0000245/list.do?menuNo=200761&pageIndex=15>
{'date': ['2015.05.12'],
 'file_url': 'https://www.bok.or.kr/portal/cmmn/file/fileDown.do?menuNo=200761&atchFileId=KO_00000000000116384&fileSn=2'}
2022-11-18 16:25:14 [scrapy.core.engine] DEBUG: Crawled (200) <GET https://www.bok.or.kr/portal/bbs/B0000245/list.do?menuNo=200761&pageIndex=16> (referer: None)
2022-11-18 16:25:14 [scrapy.core.scraper] DEBUG: Scraped from <200 https://www.bok.or.kr/portal/bbs/B0000245/list.do?menuNo=200761&pageIndex=16>
{'date': ['2015.04.14'],
 'file_url': 'https://www.bok.or.kr/portal/cmmn/file/fileDown.do?menuNo=200761&atchFileId=KO_00000000000115725&fileSn=2'}
2022-11-18 16:25:14 [scrapy.core.scraper] DEBUG: Scraped from <200 https://www.bok.or.kr/portal/bbs/B0000245/list.do?menuNo=200761&pageIndex=16>
{'date': ['2015.03.31'],
 'file_url': 'https://www.bok.or.kr/portal/cmmn/file/fileDown.do?menuNo=200761&atchFileId=KO_00000000000115291&fileSn=2'}
2022-11-18 16:25:14 [scrapy.core.scraper] DEBUG: Scraped from <200 https://www.bok.or.kr/portal/bbs/B0000245/list.do?menuNo=200761&pageIndex=16>
{'date': ['2015.03.10'],
 'file_url': 'https://www.bok.or.kr/portal/cmmn/file/fileDown.do?menuNo=200761&atchFileId=KO_00000000000114780&fileSn=2'}
2022-11-18 16:25:14 [scrapy.core.scraper] DEBUG: Scraped from <200 https://www.bok.or.kr/portal/bbs/B0000245/list.do?menuNo=200761&pageIndex=16>
{'date': ['2015.02.17'],
 'file_url': 'https://www.bok.or.kr/portal/cmmn/file/fileDown.do?menuNo=200761&atchFileId=KO_00000000000114230&fileSn=2'}
2022-11-18 16:25:14 [scrapy.core.scraper] DEBUG: Scraped from <200 https://www.bok.or.kr/portal/bbs/B0000245/list.do?menuNo=200761&pageIndex=16>
{'date': ['2015.02.03'],
 'file_url': 'https://www.bok.or.kr/portal/cmmn/file/fileDown.do?menuNo=200761&atchFileId=KO_00000000000113912&fileSn=2'}
2022-11-18 16:25:14 [scrapy.core.scraper] DEBUG: Scraped from <200 https://www.bok.or.kr/portal/bbs/B0000245/list.do?menuNo=200761&pageIndex=16>
{'date': ['2015.01.13'],
 'file_url': 'https://www.bok.or.kr/portal/cmmn/file/fileDown.do?menuNo=200761&atchFileId=KO_00000000000113283&fileSn=2'}
2022-11-18 16:25:14 [scrapy.core.scraper] DEBUG: Scraped from <200 https://www.bok.or.kr/portal/bbs/B0000245/list.do?menuNo=200761&pageIndex=16>
{'date': ['2014.12.30'],
 'file_url': 'https://www.bok.or.kr/portal/cmmn/file/fileDown.do?menuNo=200761&atchFileId=KO_00000000000112915&fileSn=2'}
2022-11-18 16:25:14 [scrapy.core.scraper] DEBUG: Scraped from <200 https://www.bok.or.kr/portal/bbs/B0000245/list.do?menuNo=200761&pageIndex=16>
{'date': ['2014.12.02'],
 'file_url': 'https://www.bok.or.kr/portal/cmmn/file/fileDown.do?menuNo=200761&atchFileId=KO_00000000000111710&fileSn=2'}
2022-11-18 16:25:14 [scrapy.core.scraper] DEBUG: Scraped from <200 https://www.bok.or.kr/portal/bbs/B0000245/list.do?menuNo=200761&pageIndex=16>
{'date': ['2014.11.11'],
 'file_url': 'https://www.bok.or.kr/portal/cmmn/file/fileDown.do?menuNo=200761&atchFileId=KO_00000000000111028&fileSn=2'}
2022-11-18 16:25:14 [scrapy.core.engine] DEBUG: Crawled (200) <GET https://www.bok.or.kr/portal/bbs/B0000245/list.do?menuNo=200761&pageIndex=17> (referer: None)
2022-11-18 16:25:14 [scrapy.core.scraper] DEBUG: Scraped from <200 https://www.bok.or.kr/portal/bbs/B0000245/list.do?menuNo=200761&pageIndex=17>
{'date': ['2014.10.14'],
 'file_url': 'https://www.bok.or.kr/portal/cmmn/file/fileDown.do?menuNo=200761&atchFileId=KO_00000000000110273&fileSn=2'}
2022-11-18 16:25:14 [scrapy.core.scraper] DEBUG: Scraped from <200 https://www.bok.or.kr/portal/bbs/B0000245/list.do?menuNo=200761&pageIndex=17>
{'date': ['2014.09.30'],
 'file_url': 'https://www.bok.or.kr/portal/cmmn/file/fileDown.do?menuNo=200761&atchFileId=KO_00000000000109919&fileSn=2'}
2022-11-18 16:25:14 [scrapy.core.scraper] DEBUG: Scraped from <200 https://www.bok.or.kr/portal/bbs/B0000245/list.do?menuNo=200761&pageIndex=17>
{'date': ['2014.09.02'],
 'file_url': 'https://www.bok.or.kr/portal/cmmn/file/fileDown.do?menuNo=200761&atchFileId=KO_00000000000109240&fileSn=2'}
2022-11-18 16:25:14 [scrapy.core.scraper] DEBUG: Scraped from <200 https://www.bok.or.kr/portal/bbs/B0000245/list.do?menuNo=200761&pageIndex=17>
{'date': ['2014.08.12'],
 'file_url': 'https://www.bok.or.kr/portal/cmmn/file/fileDown.do?menuNo=200761&atchFileId=KO_00000000000108480&fileSn=2'}
2022-11-18 16:25:14 [scrapy.core.scraper] DEBUG: Scraped from <200 https://www.bok.or.kr/portal/bbs/B0000245/list.do?menuNo=200761&pageIndex=17>
{'date': ['2014.07.29'],
 'file_url': 'https://www.bok.or.kr/portal/cmmn/file/fileDown.do?menuNo=200761&atchFileId=KO_00000000000108070&fileSn=2'}
2022-11-18 16:25:14 [scrapy.core.scraper] DEBUG: Scraped from <200 https://www.bok.or.kr/portal/bbs/B0000245/list.do?menuNo=200761&pageIndex=17>
{'date': ['2014.07.01'],
 'file_url': 'https://www.bok.or.kr/portal/cmmn/file/fileDown.do?menuNo=200761&atchFileId=KO_00000000000107405&fileSn=2'}
2022-11-18 16:25:14 [scrapy.core.scraper] DEBUG: Scraped from <200 https://www.bok.or.kr/portal/bbs/B0000245/list.do?menuNo=200761&pageIndex=17>
{'date': ['2014.05.27'],
 'file_url': 'https://www.bok.or.kr/portal/cmmn/file/fileDown.do?menuNo=200761&atchFileId=KO_00000000000106578&fileSn=2'}
2022-11-18 16:25:14 [scrapy.core.scraper] DEBUG: Scraped from <200 https://www.bok.or.kr/portal/bbs/B0000245/list.do?menuNo=200761&pageIndex=17>
{'date': ['2014.05.13'],
 'file_url': 'https://www.bok.or.kr/portal/cmmn/file/fileDown.do?menuNo=200761&atchFileId=KO_00000000000106227&fileSn=2'}
2022-11-18 16:25:14 [scrapy.core.scraper] DEBUG: Scraped from <200 https://www.bok.or.kr/portal/bbs/B0000245/list.do?menuNo=200761&pageIndex=17>
{'date': ['2014.04.29'],
 'file_url': 'https://www.bok.or.kr/portal/cmmn/file/fileDown.do?menuNo=200761&atchFileId=KO_00000000000105915&fileSn=2'}
2022-11-18 16:25:14 [scrapy.core.engine] DEBUG: Crawled (200) <GET https://www.bok.or.kr/portal/bbs/B0000245/list.do?menuNo=200761&pageIndex=18> (referer: None)
2022-11-18 16:25:14 [scrapy.core.scraper] DEBUG: Scraped from <200 https://www.bok.or.kr/portal/bbs/B0000245/list.do?menuNo=200761&pageIndex=18>
{'date': ['2014.04.01'],
 'file_url': 'https://www.bok.or.kr/portal/cmmn/file/fileDown.do?menuNo=200761&atchFileId=KO_00000000000105285&fileSn=2'}
2022-11-18 16:25:14 [scrapy.core.scraper] DEBUG: Scraped from <200 https://www.bok.or.kr/portal/bbs/B0000245/list.do?menuNo=200761&pageIndex=18>
{'date': ['2014.03.04'],
 'file_url': 'https://www.bok.or.kr/portal/cmmn/file/fileDown.do?menuNo=200761&atchFileId=KO_00000000000104635&fileSn=2'}
2022-11-18 16:25:14 [scrapy.core.scraper] DEBUG: Scraped from <200 https://www.bok.or.kr/portal/bbs/B0000245/list.do?menuNo=200761&pageIndex=18>
{'date': ['2014.01.28'],
 'file_url': 'https://www.bok.or.kr/portal/cmmn/file/fileDown.do?menuNo=200761&atchFileId=KO_00000000000103754&fileSn=2'}
2022-11-18 16:25:14 [scrapy.core.scraper] DEBUG: Scraped from <200 https://www.bok.or.kr/portal/bbs/B0000245/list.do?menuNo=200761&pageIndex=18>
{'date': ['2014.01.14'],
 'file_url': 'https://www.bok.or.kr/portal/cmmn/file/fileDown.do?menuNo=200761&atchFileId=KO_00000000000103435&fileSn=2'}
2022-11-18 16:25:14 [scrapy.core.scraper] DEBUG: Scraped from <200 https://www.bok.or.kr/portal/bbs/B0000245/list.do?menuNo=200761&pageIndex=18>
{'date': ['2013.12.31'],
 'file_url': 'https://www.bok.or.kr/portal/cmmn/file/fileDown.do?menuNo=200761&atchFileId=KO_00000000000103120&fileSn=2'}
2022-11-18 16:25:14 [scrapy.core.scraper] DEBUG: Scraped from <200 https://www.bok.or.kr/portal/bbs/B0000245/list.do?menuNo=200761&pageIndex=18>
{'date': ['2013.12.03'],
 'file_url': 'https://www.bok.or.kr/portal/cmmn/file/fileDown.do?menuNo=200761&atchFileId=KO_00000000000102071&fileSn=2'}
2022-11-18 16:25:14 [scrapy.core.scraper] DEBUG: Scraped from <200 https://www.bok.or.kr/portal/bbs/B0000245/list.do?menuNo=200761&pageIndex=18>
{'date': ['2013.11.12'],
 'file_url': 'https://www.bok.or.kr/portal/cmmn/file/fileDown.do?menuNo=200761&atchFileId=KO_00000000000101520&fileSn=2'}
2022-11-18 16:25:14 [scrapy.core.scraper] DEBUG: Scraped from <200 https://www.bok.or.kr/portal/bbs/B0000245/list.do?menuNo=200761&pageIndex=18>
{'date': ['2013.10.29'],
 'file_url': 'https://www.bok.or.kr/portal/cmmn/file/fileDown.do?menuNo=200761&atchFileId=KO_00000000000101175&fileSn=2'}
2022-11-18 16:25:14 [scrapy.core.scraper] DEBUG: Scraped from <200 https://www.bok.or.kr/portal/bbs/B0000245/list.do?menuNo=200761&pageIndex=18>
{'date': ['2013.10.15'],
 'file_url': 'https://www.bok.or.kr/portal/cmmn/file/fileDown.do?menuNo=200761&atchFileId=KO_00000000000100844&fileSn=2'}
2022-11-18 16:25:15 [scrapy.core.engine] DEBUG: Crawled (200) <GET https://www.bok.or.kr/portal/bbs/B0000245/list.do?menuNo=200761&pageIndex=19> (referer: None)
2022-11-18 16:25:15 [scrapy.core.scraper] DEBUG: Scraped from <200 https://www.bok.or.kr/portal/bbs/B0000245/list.do?menuNo=200761&pageIndex=19>
{'date': ['2013.08.27'],
 'file_url': 'https://www.bok.or.kr/portal/cmmn/file/fileDown.do?menuNo=200761&atchFileId=KO_00000000000099785&fileSn=2'}
2022-11-18 16:25:15 [scrapy.core.scraper] DEBUG: Scraped from <200 https://www.bok.or.kr/portal/bbs/B0000245/list.do?menuNo=200761&pageIndex=19>
{'date': ['2013.08.13'],
 'file_url': 'https://www.bok.or.kr/portal/cmmn/file/fileDown.do?menuNo=200761&atchFileId=KO_00000000000099510&fileSn=2'}
2022-11-18 16:25:15 [scrapy.core.scraper] DEBUG: Scraped from <200 https://www.bok.or.kr/portal/bbs/B0000245/list.do?menuNo=200761&pageIndex=19>
{'date': ['2013.07.30'],
 'file_url': 'https://www.bok.or.kr/portal/cmmn/file/fileDown.do?menuNo=200761&atchFileId=KO_00000000000099057&fileSn=2'}
2022-11-18 16:25:15 [scrapy.core.scraper] DEBUG: Scraped from <200 https://www.bok.or.kr/portal/bbs/B0000245/list.do?menuNo=200761&pageIndex=19>
{'date': ['2013.07.16'],
 'file_url': 'https://www.bok.or.kr/portal/cmmn/file/fileDown.do?menuNo=200761&atchFileId=KO_00000000000098784&fileSn=2'}
2022-11-18 16:25:15 [scrapy.core.scraper] DEBUG: Scraped from <200 https://www.bok.or.kr/portal/bbs/B0000245/list.do?menuNo=200761&pageIndex=19>
{'date': ['2013.07.02'],
 'file_url': 'https://www.bok.or.kr/portal/cmmn/file/fileDown.do?menuNo=200761&atchFileId=KO_00000000000098432&fileSn=2'}
2022-11-18 16:25:15 [scrapy.core.scraper] DEBUG: Scraped from <200 https://www.bok.or.kr/portal/bbs/B0000245/list.do?menuNo=200761&pageIndex=19>
{'date': ['2013.05.28'],
 'file_url': 'https://www.bok.or.kr/portal/cmmn/file/fileDown.do?menuNo=200761&atchFileId=KO_00000000000097596&fileSn=2'}
2022-11-18 16:25:15 [scrapy.core.scraper] DEBUG: Scraped from <200 https://www.bok.or.kr/portal/bbs/B0000245/list.do?menuNo=200761&pageIndex=19>
{'date': ['2013.05.14'],
 'file_url': 'https://www.bok.or.kr/portal/cmmn/file/fileDown.do?menuNo=200761&atchFileId=KO_00000000000097359&fileSn=2'}
2022-11-18 16:25:15 [scrapy.core.scraper] DEBUG: Scraped from <200 https://www.bok.or.kr/portal/bbs/B0000245/list.do?menuNo=200761&pageIndex=19>
{'date': ['2013.04.30'],
 'file_url': 'https://www.bok.or.kr/portal/cmmn/file/fileDown.do?menuNo=200761&atchFileId=KO_00000000000097033&fileSn=2'}
2022-11-18 16:25:15 [scrapy.core.scraper] DEBUG: Scraped from <200 https://www.bok.or.kr/portal/bbs/B0000245/list.do?menuNo=200761&pageIndex=19>
{'date': ['2013.04.16'],
 'file_url': 'https://www.bok.or.kr/portal/cmmn/file/fileDown.do?menuNo=200761&atchFileId=KO_00000000000096617&fileSn=2'}
2022-11-18 16:25:15 [scrapy.core.engine] DEBUG: Crawled (200) <GET https://www.bok.or.kr/portal/bbs/B0000245/list.do?menuNo=200761&pageIndex=20> (referer: None)
2022-11-18 16:25:15 [scrapy.core.scraper] DEBUG: Scraped from <200 https://www.bok.or.kr/portal/bbs/B0000245/list.do?menuNo=200761&pageIndex=20>
{'date': ['2013.03.19'],
 'file_url': 'https://www.bok.or.kr/portal/cmmn/file/fileDown.do?menuNo=200761&atchFileId=KO_00000000000096020&fileSn=2'}
2022-11-18 16:25:15 [scrapy.core.scraper] DEBUG: Scraped from <200 https://www.bok.or.kr/portal/bbs/B0000245/list.do?menuNo=200761&pageIndex=20>
{'date': ['2013.03.05'],
 'file_url': 'https://www.bok.or.kr/portal/cmmn/file/fileDown.do?menuNo=200761&atchFileId=KO_00000000000095733&fileSn=2'}
2022-11-18 16:25:15 [scrapy.core.scraper] DEBUG: Scraped from <200 https://www.bok.or.kr/portal/bbs/B0000245/list.do?menuNo=200761&pageIndex=20>
{'date': ['2013.01.29'],
 'file_url': 'https://www.bok.or.kr/portal/cmmn/file/fileDown.do?menuNo=200761&atchFileId=KO_00000000000095044&fileSn=2'}
2022-11-18 16:25:15 [scrapy.core.scraper] DEBUG: Scraped from <200 https://www.bok.or.kr/portal/bbs/B0000245/list.do?menuNo=200761&pageIndex=20>
{'date': ['2013.01.15'],
 'file_url': 'https://www.bok.or.kr/portal/cmmn/file/fileDown.do?menuNo=200761&atchFileId=KO_00000000000094802&fileSn=2'}
2022-11-18 16:25:15 [scrapy.core.scraper] DEBUG: Scraped from <200 https://www.bok.or.kr/portal/bbs/B0000245/list.do?menuNo=200761&pageIndex=20>
{'date': ['2013.01.02'],
 'file_url': 'https://www.bok.or.kr/portal/cmmn/file/fileDown.do?menuNo=200761&atchFileId=KO_00000000000094440&fileSn=2'}
2022-11-18 16:25:15 [scrapy.core.scraper] DEBUG: Scraped from <200 https://www.bok.or.kr/portal/bbs/B0000245/list.do?menuNo=200761&pageIndex=20>
{'date': ['2012.11.27'],
 'file_url': 'https://www.bok.or.kr/portal/cmmn/file/fileDown.do?menuNo=200761&atchFileId=KO_00000000000093618&fileSn=2'}
2022-11-18 16:25:15 [scrapy.core.scraper] DEBUG: Scraped from <200 https://www.bok.or.kr/portal/bbs/B0000245/list.do?menuNo=200761&pageIndex=20>
{'date': ['2012.11.13'],
 'file_url': 'https://www.bok.or.kr/portal/cmmn/file/fileDown.do?menuNo=200761&atchFileId=KO_00000000000093118&fileSn=2'}
2022-11-18 16:25:15 [scrapy.core.scraper] DEBUG: Scraped from <200 https://www.bok.or.kr/portal/bbs/B0000245/list.do?menuNo=200761&pageIndex=20>
{'date': ['2012.10.30'],
 'file_url': 'https://www.bok.or.kr/portal/cmmn/file/fileDown.do?menuNo=200761&atchFileId=KO_00000000000092801&fileSn=2'}
2022-11-18 16:25:15 [scrapy.core.scraper] DEBUG: Scraped from <200 https://www.bok.or.kr/portal/bbs/B0000245/list.do?menuNo=200761&pageIndex=20>
{'date': ['2012.10.16'],
 'file_url': 'https://www.bok.or.kr/portal/cmmn/file/fileDown.do?menuNo=200761&atchFileId=KO_00000000000092553&fileSn=2'}
2022-11-18 16:25:15 [scrapy.core.engine] DEBUG: Crawled (200) <GET https://www.bok.or.kr/portal/bbs/B0000245/list.do?menuNo=200761&pageIndex=21> (referer: None)
2022-11-18 16:25:15 [scrapy.core.scraper] DEBUG: Scraped from <200 https://www.bok.or.kr/portal/bbs/B0000245/list.do?menuNo=200761&pageIndex=21>
{'date': ['2012.09.18'],
 'file_url': 'https://www.bok.or.kr/portal/cmmn/file/fileDown.do?menuNo=200761&atchFileId=KO_00000000000091978&fileSn=2'}
2022-11-18 16:25:15 [scrapy.core.scraper] DEBUG: Scraped from <200 https://www.bok.or.kr/portal/bbs/B0000245/list.do?menuNo=200761&pageIndex=21>
{'date': ['2012.09.11'],
 'file_url': 'https://www.bok.or.kr/portal/cmmn/file/fileDown.do?menuNo=200761&atchFileId=KO_00000000000091801&fileSn=2'}
2022-11-18 16:25:15 [scrapy.core.scraper] DEBUG: Scraped from <200 https://www.bok.or.kr/portal/bbs/B0000245/list.do?menuNo=200761&pageIndex=21>
{'date': ['2012.08.28'],
 'file_url': 'https://www.bok.or.kr/portal/cmmn/file/fileDown.do?menuNo=200761&atchFileId=KO_00000000000091462&fileSn=2'}
2022-11-18 16:25:15 [scrapy.core.scraper] DEBUG: Scraped from <200 https://www.bok.or.kr/portal/bbs/B0000245/list.do?menuNo=200761&pageIndex=21>
{'date': ['2012.08.07'],
 'file_url': 'https://www.bok.or.kr/portal/cmmn/file/fileDown.do?menuNo=200761&atchFileId=KO_00000000000091113&fileSn=2'}
2022-11-18 16:25:15 [scrapy.core.scraper] DEBUG: Scraped from <200 https://www.bok.or.kr/portal/bbs/B0000245/list.do?menuNo=200761&pageIndex=21>
{'date': ['2012.07.24'],
 'file_url': 'https://www.bok.or.kr/portal/cmmn/file/fileDown.do?menuNo=200761&atchFileId=KO_00000000000090744&fileSn=2'}
2022-11-18 16:25:15 [scrapy.core.scraper] DEBUG: Scraped from <200 https://www.bok.or.kr/portal/bbs/B0000245/list.do?menuNo=200761&pageIndex=21>
{'date': ['2012.06.26'],
 'file_url': 'https://www.bok.or.kr/portal/cmmn/file/fileDown.do?menuNo=200761&atchFileId=KO_00000000000090002&fileSn=2'}
2022-11-18 16:25:15 [scrapy.core.scraper] DEBUG: Scraped from <200 https://www.bok.or.kr/portal/bbs/B0000245/list.do?menuNo=200761&pageIndex=21>
{'date': ['2012.05.29'],
 'file_url': 'https://www.bok.or.kr/portal/cmmn/file/fileDown.do?menuNo=200761&atchFileId=KO_00000000000089367&fileSn=2'}
2022-11-18 16:25:15 [scrapy.core.scraper] DEBUG: Scraped from <200 https://www.bok.or.kr/portal/bbs/B0000245/list.do?menuNo=200761&pageIndex=21>
{'date': ['2012.05.08'],
 'file_url': 'https://www.bok.or.kr/portal/cmmn/file/fileDown.do?menuNo=200761&atchFileId=KO_00000000000088968&fileSn=2'}
2022-11-18 16:25:15 [scrapy.core.scraper] DEBUG: Scraped from <200 https://www.bok.or.kr/portal/bbs/B0000245/list.do?menuNo=200761&pageIndex=21>
{'date': ['2012.04.24'],
 'file_url': 'https://www.bok.or.kr/portal/cmmn/file/fileDown.do?menuNo=200761&atchFileId=KO_00000000000088515&fileSn=2'}
2022-11-18 16:25:15 [scrapy.core.engine] DEBUG: Crawled (200) <GET https://www.bok.or.kr/portal/bbs/B0000245/list.do?menuNo=200761&pageIndex=22> (referer: None)
2022-11-18 16:25:15 [scrapy.core.scraper] DEBUG: Scraped from <200 https://www.bok.or.kr/portal/bbs/B0000245/list.do?menuNo=200761&pageIndex=22>
{'date': ['2012.03.13'],
 'file_url': 'https://www.bok.or.kr/portal/cmmn/file/fileDown.do?menuNo=200761&atchFileId=KO_00000000000087683&fileSn=2'}
2022-11-18 16:25:15 [scrapy.core.scraper] DEBUG: Scraped from <200 https://www.bok.or.kr/portal/bbs/B0000245/list.do?menuNo=200761&pageIndex=22>
{'date': ['2012.02.28'],
 'file_url': 'https://www.bok.or.kr/portal/cmmn/file/fileDown.do?menuNo=200761&atchFileId=KO_00000000000087417&fileSn=2'}
2022-11-18 16:25:15 [scrapy.core.scraper] DEBUG: Scraped from <200 https://www.bok.or.kr/portal/bbs/B0000245/list.do?menuNo=200761&pageIndex=22>
{'date': ['2012.02.14'],
 'file_url': 'https://www.bok.or.kr/portal/cmmn/file/fileDown.do?menuNo=200761&atchFileId=KO_00000000000087112&fileSn=2'}
2022-11-18 16:25:15 [scrapy.core.scraper] DEBUG: Scraped from <200 https://www.bok.or.kr/portal/bbs/B0000245/list.do?menuNo=200761&pageIndex=22>
{'date': ['2012.02.07'],
 'file_url': 'https://www.bok.or.kr/portal/cmmn/file/fileDown.do?menuNo=200761&atchFileId=KO_00000000000086991&fileSn=2'}
2022-11-18 16:25:15 [scrapy.core.scraper] DEBUG: Scraped from <200 https://www.bok.or.kr/portal/bbs/B0000245/list.do?menuNo=200761&pageIndex=22>
{'date': ['2012.01.31'],
 'file_url': 'https://www.bok.or.kr/portal/cmmn/file/fileDown.do?menuNo=200761&atchFileId=KO_00000000000086799&fileSn=2'}
2022-11-18 16:25:15 [scrapy.core.scraper] DEBUG: Scraped from <200 https://www.bok.or.kr/portal/bbs/B0000245/list.do?menuNo=200761&pageIndex=22>
{'date': ['2012.01.25'],
 'file_url': 'https://www.bok.or.kr/portal/cmmn/file/fileDown.do?menuNo=200761&atchFileId=KO_00000000000086679&fileSn=2'}
2022-11-18 16:25:15 [scrapy.core.engine] DEBUG: Crawled (200) <GET https://www.bok.or.kr/portal/bbs/B0000245/list.do?menuNo=200761&pageIndex=23> (referer: None)
2022-11-18 16:25:15 [scrapy.core.scraper] DEBUG: Scraped from <200 https://www.bok.or.kr/portal/bbs/B0000245/list.do?menuNo=200761&pageIndex=22>
{'date': ['2012.01.13'],
 'file_url': 'https://www.bok.or.kr/portal/cmmn/file/fileDown.do?menuNo=200761&atchFileId=KO_00000000000086430&fileSn=2'}
2022-11-18 16:25:15 [scrapy.core.scraper] DEBUG: Scraped from <200 https://www.bok.or.kr/portal/bbs/B0000245/list.do?menuNo=200761&pageIndex=22>
{'date': ['2011.12.27'],
 'file_url': 'https://www.bok.or.kr/portal/cmmn/file/fileDown.do?menuNo=200761&atchFileId=KO_00000000000085989&fileSn=2'}
2022-11-18 16:25:15 [scrapy.core.scraper] DEBUG: Scraped from <200 https://www.bok.or.kr/portal/bbs/B0000245/list.do?menuNo=200761&pageIndex=22>
{'date': ['2011.11.29'],
 'file_url': 'https://www.bok.or.kr/portal/cmmn/file/fileDown.do?menuNo=200761&atchFileId=KO_00000000000085990&fileSn=2'}
2022-11-18 16:25:16 [scrapy.core.scraper] DEBUG: Scraped from <200 https://www.bok.or.kr/portal/bbs/B0000245/list.do?menuNo=200761&pageIndex=23>
{'date': ['2011.10.25'],
 'file_url': 'https://www.bok.or.kr/portal/cmmn/file/fileDown.do?menuNo=200761&atchFileId=KO_00000000000085992&fileSn=2'}
2022-11-18 16:25:16 [scrapy.core.scraper] DEBUG: Scraped from <200 https://www.bok.or.kr/portal/bbs/B0000245/list.do?menuNo=200761&pageIndex=23>
{'date': ['2011.09.27'],
 'file_url': 'https://www.bok.or.kr/portal/cmmn/file/fileDown.do?menuNo=200761&atchFileId=KO_00000000000085993&fileSn=2'}
2022-11-18 16:25:16 [scrapy.core.scraper] DEBUG: Scraped from <200 https://www.bok.or.kr/portal/bbs/B0000245/list.do?menuNo=200761&pageIndex=23>
{'date': ['2011.09.06'],
 'file_url': 'https://www.bok.or.kr/portal/cmmn/file/fileDown.do?menuNo=200761&atchFileId=KO_00000000000085994&fileSn=2'}
2022-11-18 16:25:16 [scrapy.core.scraper] DEBUG: Scraped from <200 https://www.bok.or.kr/portal/bbs/B0000245/list.do?menuNo=200761&pageIndex=23>
{'date': ['2011.08.30'],
 'file_url': 'https://www.bok.or.kr/portal/cmmn/file/fileDown.do?menuNo=200761&atchFileId=KO_00000000000085995&fileSn=2'}
2022-11-18 16:25:16 [scrapy.core.scraper] DEBUG: Scraped from <200 https://www.bok.or.kr/portal/bbs/B0000245/list.do?menuNo=200761&pageIndex=23>
{'date': ['2011.08.09'],
 'file_url': 'https://www.bok.or.kr/portal/cmmn/file/fileDown.do?menuNo=200761&atchFileId=KO_00000000000085996&fileSn=2'}
2022-11-18 16:25:16 [scrapy.core.scraper] DEBUG: Scraped from <200 https://www.bok.or.kr/portal/bbs/B0000245/list.do?menuNo=200761&pageIndex=23>
{'date': ['2011.07.26'],
 'file_url': 'https://www.bok.or.kr/portal/cmmn/file/fileDown.do?menuNo=200761&atchFileId=KO_00000000000085997&fileSn=2'}
2022-11-18 16:25:16 [scrapy.core.scraper] DEBUG: Scraped from <200 https://www.bok.or.kr/portal/bbs/B0000245/list.do?menuNo=200761&pageIndex=23>
{'date': ['2011.06.28'],
 'file_url': 'https://www.bok.or.kr/portal/cmmn/file/fileDown.do?menuNo=200761&atchFileId=KO_00000000000085998&fileSn=2'}
2022-11-18 16:25:16 [scrapy.core.scraper] DEBUG: Scraped from <200 https://www.bok.or.kr/portal/bbs/B0000245/list.do?menuNo=200761&pageIndex=23>
{'date': ['2011.05.31'],
 'file_url': 'https://www.bok.or.kr/portal/cmmn/file/fileDown.do?menuNo=200761&atchFileId=KO_00000000000085979&fileSn=2'}
2022-11-18 16:25:16 [scrapy.core.scraper] DEBUG: Scraped from <200 https://www.bok.or.kr/portal/bbs/B0000245/list.do?menuNo=200761&pageIndex=23>
{'date': ['2011.05.11'],
 'file_url': 'https://www.bok.or.kr/portal/cmmn/file/fileDown.do?menuNo=200761&atchFileId=KO_00000000000085980&fileSn=2'}
2022-11-18 16:25:16 [scrapy.core.engine] DEBUG: Crawled (200) <GET https://www.bok.or.kr/portal/bbs/B0000245/list.do?menuNo=200761&pageIndex=24> (referer: None)
2022-11-18 16:25:16 [scrapy.core.scraper] DEBUG: Scraped from <200 https://www.bok.or.kr/portal/bbs/B0000245/list.do?menuNo=200761&pageIndex=24>
{'date': ['2011.04.12'],
 'file_url': 'https://www.bok.or.kr/portal/cmmn/file/fileDown.do?menuNo=200761&atchFileId=KO_00000000000085982&fileSn=2'}
2022-11-18 16:25:16 [scrapy.core.scraper] DEBUG: Scraped from <200 https://www.bok.or.kr/portal/bbs/B0000245/list.do?menuNo=200761&pageIndex=24>
{'date': ['2011.03.29'],
 'file_url': 'https://www.bok.or.kr/portal/cmmn/file/fileDown.do?menuNo=200761&atchFileId=KO_00000000000085983&fileSn=2'}
2022-11-18 16:25:16 [scrapy.core.scraper] DEBUG: Scraped from <200 https://www.bok.or.kr/portal/bbs/B0000245/list.do?menuNo=200761&pageIndex=24>
{'date': ['2011.03.08'],
 'file_url': 'https://www.bok.or.kr/portal/cmmn/file/fileDown.do?menuNo=200761&atchFileId=KO_00000000000085984&fileSn=2'}
2022-11-18 16:25:16 [scrapy.core.scraper] DEBUG: Scraped from <200 https://www.bok.or.kr/portal/bbs/B0000245/list.do?menuNo=200761&pageIndex=24>
{'date': ['2011.03.02'],
 'file_url': 'https://www.bok.or.kr/portal/cmmn/file/fileDown.do?menuNo=200761&atchFileId=KO_00000000000085985&fileSn=2'}
2022-11-18 16:25:16 [scrapy.core.scraper] DEBUG: Scraped from <200 https://www.bok.or.kr/portal/bbs/B0000245/list.do?menuNo=200761&pageIndex=24>
{'date': ['2011.02.22'],
 'file_url': 'https://www.bok.or.kr/portal/cmmn/file/fileDown.do?menuNo=200761&atchFileId=KO_00000000000085986&fileSn=2'}
2022-11-18 16:25:16 [scrapy.core.scraper] DEBUG: Scraped from <200 https://www.bok.or.kr/portal/bbs/B0000245/list.do?menuNo=200761&pageIndex=24>
{'date': ['2011.02.08'],
 'file_url': 'https://www.bok.or.kr/portal/cmmn/file/fileDown.do?menuNo=200761&atchFileId=KO_00000000000085987&fileSn=2'}
2022-11-18 16:25:16 [scrapy.core.scraper] DEBUG: Scraped from <200 https://www.bok.or.kr/portal/bbs/B0000245/list.do?menuNo=200761&pageIndex=24>
{'date': ['2011.01.25'],
 'file_url': 'https://www.bok.or.kr/portal/cmmn/file/fileDown.do?menuNo=200761&atchFileId=KO_00000000000085988&fileSn=2'}
2022-11-18 16:25:16 [scrapy.core.scraper] DEBUG: Scraped from <200 https://www.bok.or.kr/portal/bbs/B0000245/list.do?menuNo=200761&pageIndex=24>
{'date': ['2011.01.04'],
 'file_url': 'https://www.bok.or.kr/portal/cmmn/file/fileDown.do?menuNo=200761&atchFileId=KO_00000000000085969&fileSn=2'}
2022-11-18 16:25:16 [scrapy.core.scraper] DEBUG: Scraped from <200 https://www.bok.or.kr/portal/bbs/B0000245/list.do?menuNo=200761&pageIndex=24>
{'date': ['2010.11.30'],
 'file_url': 'https://www.bok.or.kr/portal/cmmn/file/fileDown.do?menuNo=200761&atchFileId=KO_00000000000085970&fileSn=2'}
2022-11-18 16:25:16 [scrapy.core.engine] INFO: Closing spider (finished)
2022-11-18 16:25:16 [scrapy.extensions.feedexport] INFO: Stored csv feed (216 items) in: example.csv
2022-11-18 16:25:16 [scrapy.statscollectors] INFO: Dumping Scrapy stats:
{'downloader/request_bytes': 7471,
 'downloader/request_count': 24,
 'downloader/request_method_count/GET': 24,
 'downloader/response_bytes': 3199070,
 'downloader/response_count': 24,
 'downloader/response_status_count/200': 24,
 'elapsed_time_seconds': 5.696558,
 'feedexport/success_count/FileFeedStorage': 1,
 'finish_reason': 'finished',
 'finish_time': datetime.datetime(2022, 11, 18, 7, 25, 16, 371889),
 'item_scraped_count': 216,
 'log_count/DEBUG': 249,
 'log_count/INFO': 11,
 'log_count/WARNING': 1,
 'memusage/max': 67764224,
 'memusage/startup': 67764224,
 'response_received_count': 24,
 'scheduler/dequeued': 24,
 'scheduler/dequeued/memory': 24,
 'scheduler/enqueued': 24,
 'scheduler/enqueued/memory': 24,
 'start_time': datetime.datetime(2022, 11, 18, 7, 25, 10, 675331)}
2022-11-18 16:25:16 [scrapy.core.engine] INFO: Spider closed (finished)
